{"/Users/home/Desktop/portfolio-projects/session-booker/src/index.ts": {"path":"/Users/home/Desktop/portfolio-projects/session-booker/src/index.ts","statementMap":{"0":{"start":{"line":40,"column":9},"end":{"line":40,"column":null}},"1":{"start":{"line":24,"column":22},"end":{"line":24,"column":null}},"2":{"start":{"line":1,"column":20},"end":{"line":1,"column":null}},"3":{"start":{"line":2,"column":21},"end":{"line":2,"column":null}},"4":{"start":{"line":3,"column":19},"end":{"line":3,"column":null}},"5":{"start":{"line":4,"column":27},"end":{"line":4,"column":null}},"6":{"start":{"line":10,"column":17},"end":{"line":10,"column":null}},"7":{"start":{"line":12,"column":12},"end":{"line":12,"column":null}},"8":{"start":{"line":15,"column":0},"end":{"line":15,"column":null}},"9":{"start":{"line":18,"column":0},"end":{"line":18,"column":null}},"10":{"start":{"line":20,"column":0},"end":{"line":22,"column":null}},"11":{"start":{"line":21,"column":4},"end":{"line":21,"column":null}},"12":{"start":{"line":25,"column":4},"end":{"line":25,"column":null}},"13":{"start":{"line":27,"column":17},"end":{"line":27,"column":null}},"14":{"start":{"line":29,"column":4},"end":{"line":29,"column":null}},"15":{"start":{"line":30,"column":4},"end":{"line":30,"column":null}},"16":{"start":{"line":32,"column":19},"end":{"line":34,"column":null}},"17":{"start":{"line":33,"column":8},"end":{"line":33,"column":null}},"18":{"start":{"line":36,"column":4},"end":{"line":36,"column":null}},"19":{"start":{"line":44,"column":0},"end":{"line":49,"column":null}},"20":{"start":{"line":45,"column":4},"end":{"line":48,"column":null}},"21":{"start":{"line":46,"column":8},"end":{"line":46,"column":null}},"22":{"start":{"line":47,"column":8},"end":{"line":47,"column":null}}},"fnMap":{"0":{"name":"(anonymous_4)","decl":{"start":{"line":20,"column":19},"end":{"line":20,"column":20}},"loc":{"start":{"line":20,"column":25},"end":{"line":22,"column":null}}},"1":{"name":"startServer","decl":{"start":{"line":24,"column":22},"end":{"line":24,"column":null}},"loc":{"start":{"line":24,"column":22},"end":{"line":37,"column":null}}},"2":{"name":"(anonymous_6)","decl":{"start":{"line":32,"column":36},"end":{"line":32,"column":null}},"loc":{"start":{"line":32,"column":36},"end":{"line":34,"column":null}}},"3":{"name":"(anonymous_7)","decl":{"start":{"line":45,"column":24},"end":{"line":45,"column":null}},"loc":{"start":{"line":45,"column":24},"end":{"line":48,"column":null}}}},"branchMap":{"0":{"loc":{"start":{"line":27,"column":17},"end":{"line":27,"column":null}},"type":"binary-expr","locations":[{"start":{"line":27,"column":17},"end":{"line":27,"column":33}},{"start":{"line":27,"column":37},"end":{"line":27,"column":null}}]},"1":{"loc":{"start":{"line":44,"column":0},"end":{"line":49,"column":null}},"type":"if","locations":[{"start":{"line":44,"column":0},"end":{"line":49,"column":null}},{"start":{},"end":{}}]}},"s":{"0":12,"1":0,"2":1,"3":1,"4":1,"5":1,"6":1,"7":1,"8":1,"9":1,"10":1,"11":0,"12":0,"13":0,"14":0,"15":0,"16":0,"17":0,"18":0,"19":1,"20":0,"21":0,"22":0},"f":{"0":0,"1":0,"2":0,"3":0},"b":{"0":[0,0],"1":[0,1]}}
,"/Users/home/Desktop/portfolio-projects/session-booker/src/config/config.ts": {"path":"/Users/home/Desktop/portfolio-projects/session-booker/src/config/config.ts","statementMap":{"0":{"start":{"line":5,"column":0},"end":{"line":5,"column":15}},"1":{"start":{"line":1,"column":19},"end":{"line":1,"column":null}},"2":{"start":{"line":6,"column":4},"end":{"line":14,"column":null}},"3":{"start":{"line":7,"column":22},"end":{"line":7,"column":null}},"4":{"start":{"line":8,"column":8},"end":{"line":10,"column":null}},"5":{"start":{"line":9,"column":12},"end":{"line":9,"column":null}},"6":{"start":{"line":12,"column":23},"end":{"line":12,"column":null}},"7":{"start":{"line":13,"column":8},"end":{"line":13,"column":null}}},"fnMap":{"0":{"name":"_default","decl":{"start":{"line":5,"column":0},"end":{"line":5,"column":15}},"loc":{"start":{"line":5,"column":0},"end":{"line":15,"column":null}}}},"branchMap":{"0":{"loc":{"start":{"line":8,"column":8},"end":{"line":10,"column":null}},"type":"if","locations":[{"start":{"line":8,"column":8},"end":{"line":10,"column":null}},{"start":{},"end":{}}]},"1":{"loc":{"start":{"line":12,"column":23},"end":{"line":12,"column":null}},"type":"cond-expr","locations":[{"start":{"line":12,"column":46},"end":{"line":12,"column":57}},{"start":{"line":12,"column":60},"end":{"line":12,"column":null}}]}},"s":{"0":4,"1":2,"2":4,"3":4,"4":2,"5":1,"6":3,"7":3},"f":{"0":4},"b":{"0":[1,1],"1":[2,1]}}
,"/Users/home/Desktop/portfolio-projects/session-booker/src/models/users.ts": {"path":"/Users/home/Desktop/portfolio-projects/session-booker/src/models/users.ts","statementMap":{"0":{"start":{"line":52,"column":13},"end":{"line":52,"column":20}},"1":{"start":{"line":1,"column":38},"end":{"line":1,"column":null}},"2":{"start":{"line":2,"column":16},"end":{"line":2,"column":null}},"3":{"start":{"line":3,"column":19},"end":{"line":3,"column":null}},"4":{"start":{"line":17,"column":19},"end":{"line":45,"column":null}},"5":{"start":{"line":47,"column":0},"end":{"line":50,"column":null}},"6":{"start":{"line":48,"column":18},"end":{"line":48,"column":null}},"7":{"start":{"line":49,"column":4},"end":{"line":49,"column":null}},"8":{"start":{"line":52,"column":20},"end":{"line":52,"column":null}}},"fnMap":{"0":{"name":"(anonymous_2)","decl":{"start":{"line":47,"column":39},"end":{"line":47,"column":null}},"loc":{"start":{"line":47,"column":39},"end":{"line":50,"column":null}}}},"branchMap":{},"s":{"0":21,"1":1,"2":1,"3":1,"4":1,"5":1,"6":7,"7":7,"8":1},"f":{"0":7},"b":{}}
,"/Users/home/Desktop/portfolio-projects/session-booker/src/routes/auth.ts": {"path":"/Users/home/Desktop/portfolio-projects/session-booker/src/routes/auth.ts","statementMap":{"0":{"start":{"line":59,"column":0},"end":{"line":59,"column":15}},"1":{"start":{"line":1,"column":66},"end":{"line":1,"column":null}},"2":{"start":{"line":2,"column":34},"end":{"line":2,"column":null}},"3":{"start":{"line":4,"column":19},"end":{"line":4,"column":null}},"4":{"start":{"line":5,"column":16},"end":{"line":5,"column":null}},"5":{"start":{"line":7,"column":23},"end":{"line":7,"column":null}},"6":{"start":{"line":11,"column":0},"end":{"line":36,"column":null}},"7":{"start":{"line":12,"column":22},"end":{"line":12,"column":null}},"8":{"start":{"line":13,"column":4},"end":{"line":15,"column":null}},"9":{"start":{"line":14,"column":8},"end":{"line":14,"column":null}},"10":{"start":{"line":17,"column":29},"end":{"line":17,"column":null}},"11":{"start":{"line":18,"column":4},"end":{"line":20,"column":null}},"12":{"start":{"line":19,"column":8},"end":{"line":19,"column":null}},"13":{"start":{"line":22,"column":25},"end":{"line":22,"column":null}},"14":{"start":{"line":23,"column":35},"end":{"line":23,"column":null}},"15":{"start":{"line":25,"column":4},"end":{"line":30,"column":null}},"16":{"start":{"line":32,"column":18},"end":{"line":32,"column":null}},"17":{"start":{"line":34,"column":4},"end":{"line":34,"column":null}},"18":{"start":{"line":38,"column":0},"end":{"line":57,"column":null}},"19":{"start":{"line":39,"column":22},"end":{"line":39,"column":null}},"20":{"start":{"line":40,"column":4},"end":{"line":42,"column":null}},"21":{"start":{"line":41,"column":8},"end":{"line":41,"column":null}},"22":{"start":{"line":44,"column":29},"end":{"line":44,"column":null}},"23":{"start":{"line":45,"column":4},"end":{"line":47,"column":null}},"24":{"start":{"line":46,"column":8},"end":{"line":46,"column":null}},"25":{"start":{"line":49,"column":35},"end":{"line":49,"column":null}},"26":{"start":{"line":50,"column":4},"end":{"line":52,"column":null}},"27":{"start":{"line":51,"column":8},"end":{"line":51,"column":null}},"28":{"start":{"line":54,"column":18},"end":{"line":54,"column":null}},"29":{"start":{"line":56,"column":4},"end":{"line":56,"column":null}},"30":{"start":{"line":59,"column":15},"end":{"line":59,"column":null}},"31":{"start":{"line":61,"column":21},"end":{"line":69,"column":null}},"32":{"start":{"line":62,"column":19},"end":{"line":66,"column":null}},"33":{"start":{"line":68,"column":4},"end":{"line":68,"column":null}},"34":{"start":{"line":71,"column":22},"end":{"line":78,"column":null}},"35":{"start":{"line":72,"column":19},"end":{"line":75,"column":null}},"36":{"start":{"line":77,"column":4},"end":{"line":77,"column":null}}},"fnMap":{"0":{"name":"(anonymous_2)","decl":{"start":{"line":11,"column":25},"end":{"line":11,"column":32}},"loc":{"start":{"line":11,"column":46},"end":{"line":36,"column":null}}},"1":{"name":"(anonymous_3)","decl":{"start":{"line":38,"column":22},"end":{"line":38,"column":28}},"loc":{"start":{"line":38,"column":42},"end":{"line":57,"column":null}}},"2":{"name":"(anonymous_4)","decl":{"start":{"line":61,"column":21},"end":{"line":61,"column":22}},"loc":{"start":{"line":61,"column":22},"end":{"line":69,"column":null}}},"3":{"name":"(anonymous_5)","decl":{"start":{"line":71,"column":22},"end":{"line":71,"column":23}},"loc":{"start":{"line":71,"column":23},"end":{"line":78,"column":null}}}},"branchMap":{"0":{"loc":{"start":{"line":13,"column":4},"end":{"line":15,"column":null}},"type":"if","locations":[{"start":{"line":13,"column":4},"end":{"line":15,"column":null}},{"start":{},"end":{}}]},"1":{"loc":{"start":{"line":18,"column":4},"end":{"line":20,"column":null}},"type":"if","locations":[{"start":{"line":18,"column":4},"end":{"line":20,"column":null}},{"start":{},"end":{}}]},"2":{"loc":{"start":{"line":40,"column":4},"end":{"line":42,"column":null}},"type":"if","locations":[{"start":{"line":40,"column":4},"end":{"line":42,"column":null}},{"start":{},"end":{}}]},"3":{"loc":{"start":{"line":45,"column":4},"end":{"line":47,"column":null}},"type":"if","locations":[{"start":{"line":45,"column":4},"end":{"line":47,"column":null}},{"start":{},"end":{}}]},"4":{"loc":{"start":{"line":50,"column":4},"end":{"line":52,"column":null}},"type":"if","locations":[{"start":{"line":50,"column":4},"end":{"line":52,"column":null}},{"start":{},"end":{}}]}},"s":{"0":1,"1":1,"2":1,"3":1,"4":1,"5":1,"6":1,"7":6,"8":6,"9":1,"10":5,"11":5,"12":1,"13":4,"14":4,"15":4,"16":4,"17":4,"18":1,"19":6,"20":6,"21":1,"22":5,"23":5,"24":1,"25":4,"26":4,"27":1,"28":3,"29":3,"30":1,"31":1,"32":6,"33":6,"34":1,"35":6,"36":6},"f":{"0":6,"1":6,"2":6,"3":6},"b":{"0":[1,5],"1":[1,4],"2":[1,5],"3":[1,4],"4":[1,3]}}
,"/Users/home/Desktop/portfolio-projects/session-booker/src/tests/test-utils/mongo-testSetup.ts": {"path":"/Users/home/Desktop/portfolio-projects/session-booker/src/tests/test-utils/mongo-testSetup.ts","statementMap":{"0":{"start":{"line":11,"column":13},"end":{"line":11,"column":29}},"1":{"start":{"line":3,"column":13},"end":{"line":3,"column":27}},"2":{"start":{"line":7,"column":13},"end":{"line":7,"column":32}},"3":{"start":{"line":1,"column":21},"end":{"line":1,"column":null}},"4":{"start":{"line":3,"column":27},"end":{"line":5,"column":null}},"5":{"start":{"line":4,"column":4},"end":{"line":4,"column":null}},"6":{"start":{"line":7,"column":32},"end":{"line":9,"column":null}},"7":{"start":{"line":8,"column":4},"end":{"line":8,"column":null}},"8":{"start":{"line":11,"column":29},"end":{"line":16,"column":null}},"9":{"start":{"line":12,"column":24},"end":{"line":12,"column":55}},"10":{"start":{"line":13,"column":4},"end":{"line":15,"column":null}},"11":{"start":{"line":14,"column":8},"end":{"line":14,"column":null}}},"fnMap":{"0":{"name":"(anonymous_5)","decl":{"start":{"line":3,"column":27},"end":{"line":3,"column":null}},"loc":{"start":{"line":3,"column":27},"end":{"line":5,"column":null}}},"1":{"name":"(anonymous_6)","decl":{"start":{"line":7,"column":32},"end":{"line":7,"column":null}},"loc":{"start":{"line":7,"column":32},"end":{"line":9,"column":null}}},"2":{"name":"(anonymous_7)","decl":{"start":{"line":11,"column":29},"end":{"line":11,"column":null}},"loc":{"start":{"line":11,"column":29},"end":{"line":16,"column":null}}}},"branchMap":{},"s":{"0":11,"1":2,"2":2,"3":2,"4":2,"5":2,"6":2,"7":2,"8":2,"9":11,"10":11,"11":10},"f":{"0":2,"1":2,"2":11},"b":{}}
}
