{"/Users/home/Desktop/portfolio-projects/session-booker/src/index.ts": {"path":"/Users/home/Desktop/portfolio-projects/session-booker/src/index.ts","statementMap":{"0":{"start":{"line":40,"column":9},"end":{"line":40,"column":null}},"1":{"start":{"line":24,"column":22},"end":{"line":24,"column":null}},"2":{"start":{"line":1,"column":20},"end":{"line":1,"column":null}},"3":{"start":{"line":2,"column":21},"end":{"line":2,"column":null}},"4":{"start":{"line":3,"column":19},"end":{"line":3,"column":null}},"5":{"start":{"line":4,"column":27},"end":{"line":4,"column":null}},"6":{"start":{"line":10,"column":17},"end":{"line":10,"column":null}},"7":{"start":{"line":12,"column":12},"end":{"line":12,"column":null}},"8":{"start":{"line":15,"column":0},"end":{"line":15,"column":null}},"9":{"start":{"line":18,"column":0},"end":{"line":18,"column":null}},"10":{"start":{"line":20,"column":0},"end":{"line":22,"column":null}},"11":{"start":{"line":21,"column":4},"end":{"line":21,"column":null}},"12":{"start":{"line":25,"column":4},"end":{"line":25,"column":null}},"13":{"start":{"line":27,"column":17},"end":{"line":27,"column":null}},"14":{"start":{"line":29,"column":4},"end":{"line":29,"column":null}},"15":{"start":{"line":30,"column":4},"end":{"line":30,"column":null}},"16":{"start":{"line":32,"column":19},"end":{"line":34,"column":null}},"17":{"start":{"line":33,"column":8},"end":{"line":33,"column":null}},"18":{"start":{"line":36,"column":4},"end":{"line":36,"column":null}},"19":{"start":{"line":44,"column":0},"end":{"line":49,"column":null}},"20":{"start":{"line":45,"column":4},"end":{"line":48,"column":null}},"21":{"start":{"line":46,"column":8},"end":{"line":46,"column":null}},"22":{"start":{"line":47,"column":8},"end":{"line":47,"column":null}}},"fnMap":{"0":{"name":"(anonymous_4)","decl":{"start":{"line":20,"column":19},"end":{"line":20,"column":20}},"loc":{"start":{"line":20,"column":25},"end":{"line":22,"column":null}}},"1":{"name":"startServer","decl":{"start":{"line":24,"column":22},"end":{"line":24,"column":null}},"loc":{"start":{"line":24,"column":22},"end":{"line":37,"column":null}}},"2":{"name":"(anonymous_6)","decl":{"start":{"line":32,"column":36},"end":{"line":32,"column":null}},"loc":{"start":{"line":32,"column":36},"end":{"line":34,"column":null}}},"3":{"name":"(anonymous_7)","decl":{"start":{"line":45,"column":24},"end":{"line":45,"column":null}},"loc":{"start":{"line":45,"column":24},"end":{"line":48,"column":null}}}},"branchMap":{"0":{"loc":{"start":{"line":27,"column":17},"end":{"line":27,"column":null}},"type":"binary-expr","locations":[{"start":{"line":27,"column":17},"end":{"line":27,"column":33}},{"start":{"line":27,"column":37},"end":{"line":27,"column":null}}]},"1":{"loc":{"start":{"line":44,"column":0},"end":{"line":49,"column":null}},"type":"if","locations":[{"start":{"line":44,"column":0},"end":{"line":49,"column":null}},{"start":{},"end":{}}]}},"s":{"0":15,"1":0,"2":1,"3":1,"4":1,"5":1,"6":1,"7":1,"8":1,"9":1,"10":1,"11":0,"12":0,"13":0,"14":0,"15":0,"16":0,"17":0,"18":0,"19":1,"20":0,"21":0,"22":0},"f":{"0":0,"1":0,"2":0,"3":0},"b":{"0":[0,0],"1":[0,1]}}
,"/Users/home/Desktop/portfolio-projects/session-booker/src/config/config.ts": {"path":"/Users/home/Desktop/portfolio-projects/session-booker/src/config/config.ts","statementMap":{"0":{"start":{"line":5,"column":0},"end":{"line":5,"column":15}},"1":{"start":{"line":1,"column":19},"end":{"line":1,"column":null}},"2":{"start":{"line":6,"column":4},"end":{"line":14,"column":null}},"3":{"start":{"line":7,"column":22},"end":{"line":7,"column":null}},"4":{"start":{"line":8,"column":8},"end":{"line":10,"column":null}},"5":{"start":{"line":9,"column":12},"end":{"line":9,"column":null}},"6":{"start":{"line":12,"column":23},"end":{"line":12,"column":null}},"7":{"start":{"line":13,"column":8},"end":{"line":13,"column":null}}},"fnMap":{"0":{"name":"_default","decl":{"start":{"line":5,"column":0},"end":{"line":5,"column":15}},"loc":{"start":{"line":5,"column":0},"end":{"line":15,"column":null}}}},"branchMap":{"0":{"loc":{"start":{"line":8,"column":8},"end":{"line":10,"column":null}},"type":"if","locations":[{"start":{"line":8,"column":8},"end":{"line":10,"column":null}},{"start":{},"end":{}}]},"1":{"loc":{"start":{"line":12,"column":23},"end":{"line":12,"column":null}},"type":"cond-expr","locations":[{"start":{"line":12,"column":46},"end":{"line":12,"column":57}},{"start":{"line":12,"column":60},"end":{"line":12,"column":null}}]}},"s":{"0":4,"1":2,"2":4,"3":4,"4":2,"5":1,"6":3,"7":3},"f":{"0":4},"b":{"0":[1,1],"1":[2,1]}}
,"/Users/home/Desktop/portfolio-projects/session-booker/src/models/users.ts": {"path":"/Users/home/Desktop/portfolio-projects/session-booker/src/models/users.ts","statementMap":{"0":{"start":{"line":52,"column":13},"end":{"line":52,"column":20}},"1":{"start":{"line":1,"column":38},"end":{"line":1,"column":null}},"2":{"start":{"line":2,"column":16},"end":{"line":2,"column":null}},"3":{"start":{"line":3,"column":19},"end":{"line":3,"column":null}},"4":{"start":{"line":17,"column":19},"end":{"line":45,"column":null}},"5":{"start":{"line":47,"column":0},"end":{"line":50,"column":null}},"6":{"start":{"line":48,"column":18},"end":{"line":48,"column":null}},"7":{"start":{"line":49,"column":4},"end":{"line":49,"column":null}},"8":{"start":{"line":52,"column":20},"end":{"line":52,"column":null}}},"fnMap":{"0":{"name":"(anonymous_2)","decl":{"start":{"line":47,"column":39},"end":{"line":47,"column":null}},"loc":{"start":{"line":47,"column":39},"end":{"line":50,"column":null}}}},"branchMap":{},"s":{"0":26,"1":1,"2":1,"3":1,"4":1,"5":1,"6":15,"7":15,"8":1},"f":{"0":15},"b":{}}
,"/Users/home/Desktop/portfolio-projects/session-booker/src/routes/auth.ts": {"path":"/Users/home/Desktop/portfolio-projects/session-booker/src/routes/auth.ts","statementMap":{"0":{"start":{"line":83,"column":0},"end":{"line":83,"column":15}},"1":{"start":{"line":1,"column":66},"end":{"line":1,"column":null}},"2":{"start":{"line":3,"column":34},"end":{"line":3,"column":null}},"3":{"start":{"line":5,"column":16},"end":{"line":5,"column":null}},"4":{"start":{"line":6,"column":19},"end":{"line":6,"column":null}},"5":{"start":{"line":7,"column":16},"end":{"line":7,"column":null}},"6":{"start":{"line":8,"column":19},"end":{"line":8,"column":null}},"7":{"start":{"line":10,"column":23},"end":{"line":10,"column":null}},"8":{"start":{"line":14,"column":0},"end":{"line":32,"column":null}},"9":{"start":{"line":15,"column":18},"end":{"line":15,"column":null}},"10":{"start":{"line":16,"column":4},"end":{"line":18,"column":null}},"11":{"start":{"line":17,"column":8},"end":{"line":17,"column":null}},"12":{"start":{"line":20,"column":4},"end":{"line":31,"column":null}},"13":{"start":{"line":21,"column":24},"end":{"line":21,"column":null}},"14":{"start":{"line":23,"column":19},"end":{"line":23,"column":30}},"15":{"start":{"line":25,"column":21},"end":{"line":25,"column":null}},"16":{"start":{"line":27,"column":8},"end":{"line":27,"column":null}},"17":{"start":{"line":30,"column":8},"end":{"line":30,"column":null}},"18":{"start":{"line":36,"column":0},"end":{"line":60,"column":null}},"19":{"start":{"line":37,"column":22},"end":{"line":37,"column":null}},"20":{"start":{"line":38,"column":4},"end":{"line":40,"column":null}},"21":{"start":{"line":39,"column":8},"end":{"line":39,"column":null}},"22":{"start":{"line":42,"column":29},"end":{"line":42,"column":null}},"23":{"start":{"line":43,"column":4},"end":{"line":45,"column":null}},"24":{"start":{"line":44,"column":8},"end":{"line":44,"column":null}},"25":{"start":{"line":47,"column":25},"end":{"line":47,"column":null}},"26":{"start":{"line":48,"column":35},"end":{"line":48,"column":null}},"27":{"start":{"line":50,"column":4},"end":{"line":55,"column":null}},"28":{"start":{"line":57,"column":18},"end":{"line":57,"column":null}},"29":{"start":{"line":59,"column":4},"end":{"line":59,"column":null}},"30":{"start":{"line":62,"column":0},"end":{"line":81,"column":null}},"31":{"start":{"line":63,"column":22},"end":{"line":63,"column":null}},"32":{"start":{"line":64,"column":4},"end":{"line":66,"column":null}},"33":{"start":{"line":65,"column":8},"end":{"line":65,"column":null}},"34":{"start":{"line":68,"column":29},"end":{"line":68,"column":null}},"35":{"start":{"line":69,"column":4},"end":{"line":71,"column":null}},"36":{"start":{"line":70,"column":8},"end":{"line":70,"column":null}},"37":{"start":{"line":73,"column":35},"end":{"line":73,"column":null}},"38":{"start":{"line":74,"column":4},"end":{"line":76,"column":null}},"39":{"start":{"line":75,"column":8},"end":{"line":75,"column":null}},"40":{"start":{"line":78,"column":18},"end":{"line":78,"column":null}},"41":{"start":{"line":80,"column":4},"end":{"line":80,"column":null}},"42":{"start":{"line":83,"column":15},"end":{"line":83,"column":null}},"43":{"start":{"line":85,"column":21},"end":{"line":93,"column":null}},"44":{"start":{"line":86,"column":19},"end":{"line":90,"column":null}},"45":{"start":{"line":92,"column":4},"end":{"line":92,"column":null}},"46":{"start":{"line":95,"column":22},"end":{"line":102,"column":null}},"47":{"start":{"line":96,"column":19},"end":{"line":99,"column":null}},"48":{"start":{"line":101,"column":4},"end":{"line":101,"column":null}}},"fnMap":{"0":{"name":"(anonymous_2)","decl":{"start":{"line":14,"column":18},"end":{"line":14,"column":25}},"loc":{"start":{"line":14,"column":39},"end":{"line":32,"column":null}}},"1":{"name":"(anonymous_3)","decl":{"start":{"line":36,"column":25},"end":{"line":36,"column":32}},"loc":{"start":{"line":36,"column":46},"end":{"line":60,"column":null}}},"2":{"name":"(anonymous_4)","decl":{"start":{"line":62,"column":22},"end":{"line":62,"column":28}},"loc":{"start":{"line":62,"column":42},"end":{"line":81,"column":null}}},"3":{"name":"(anonymous_5)","decl":{"start":{"line":85,"column":21},"end":{"line":85,"column":22}},"loc":{"start":{"line":85,"column":22},"end":{"line":93,"column":null}}},"4":{"name":"(anonymous_6)","decl":{"start":{"line":95,"column":22},"end":{"line":95,"column":23}},"loc":{"start":{"line":95,"column":23},"end":{"line":102,"column":null}}}},"branchMap":{"0":{"loc":{"start":{"line":16,"column":4},"end":{"line":18,"column":null}},"type":"if","locations":[{"start":{"line":16,"column":4},"end":{"line":18,"column":null}},{"start":{},"end":{}}]},"1":{"loc":{"start":{"line":38,"column":4},"end":{"line":40,"column":null}},"type":"if","locations":[{"start":{"line":38,"column":4},"end":{"line":40,"column":null}},{"start":{},"end":{}}]},"2":{"loc":{"start":{"line":43,"column":4},"end":{"line":45,"column":null}},"type":"if","locations":[{"start":{"line":43,"column":4},"end":{"line":45,"column":null}},{"start":{},"end":{}}]},"3":{"loc":{"start":{"line":64,"column":4},"end":{"line":66,"column":null}},"type":"if","locations":[{"start":{"line":64,"column":4},"end":{"line":66,"column":null}},{"start":{},"end":{}}]},"4":{"loc":{"start":{"line":69,"column":4},"end":{"line":71,"column":null}},"type":"if","locations":[{"start":{"line":69,"column":4},"end":{"line":71,"column":null}},{"start":{},"end":{}}]},"5":{"loc":{"start":{"line":74,"column":4},"end":{"line":76,"column":null}},"type":"if","locations":[{"start":{"line":74,"column":4},"end":{"line":76,"column":null}},{"start":{},"end":{}}]}},"s":{"0":1,"1":1,"2":1,"3":1,"4":1,"5":1,"6":1,"7":1,"8":1,"9":3,"10":3,"11":1,"12":2,"13":2,"14":2,"15":2,"16":2,"17":0,"18":1,"19":6,"20":6,"21":1,"22":5,"23":5,"24":1,"25":4,"26":4,"27":4,"28":4,"29":4,"30":1,"31":6,"32":6,"33":1,"34":5,"35":5,"36":1,"37":4,"38":4,"39":1,"40":3,"41":3,"42":1,"43":1,"44":6,"45":6,"46":1,"47":6,"48":6},"f":{"0":3,"1":6,"2":6,"3":6,"4":6},"b":{"0":[1,2],"1":[1,5],"2":[1,4],"3":[1,5],"4":[1,4],"5":[1,3]}}
,"/Users/home/Desktop/portfolio-projects/session-booker/src/tests/test-utils/mongo-testSetup.ts": {"path":"/Users/home/Desktop/portfolio-projects/session-booker/src/tests/test-utils/mongo-testSetup.ts","statementMap":{"0":{"start":{"line":11,"column":13},"end":{"line":11,"column":29}},"1":{"start":{"line":3,"column":13},"end":{"line":3,"column":27}},"2":{"start":{"line":7,"column":13},"end":{"line":7,"column":32}},"3":{"start":{"line":1,"column":21},"end":{"line":1,"column":null}},"4":{"start":{"line":3,"column":27},"end":{"line":5,"column":null}},"5":{"start":{"line":4,"column":4},"end":{"line":4,"column":null}},"6":{"start":{"line":7,"column":32},"end":{"line":9,"column":null}},"7":{"start":{"line":8,"column":4},"end":{"line":8,"column":null}},"8":{"start":{"line":11,"column":29},"end":{"line":16,"column":null}},"9":{"start":{"line":12,"column":24},"end":{"line":12,"column":55}},"10":{"start":{"line":13,"column":4},"end":{"line":15,"column":null}},"11":{"start":{"line":14,"column":8},"end":{"line":14,"column":null}}},"fnMap":{"0":{"name":"(anonymous_5)","decl":{"start":{"line":3,"column":27},"end":{"line":3,"column":null}},"loc":{"start":{"line":3,"column":27},"end":{"line":5,"column":null}}},"1":{"name":"(anonymous_6)","decl":{"start":{"line":7,"column":32},"end":{"line":7,"column":null}},"loc":{"start":{"line":7,"column":32},"end":{"line":9,"column":null}}},"2":{"name":"(anonymous_7)","decl":{"start":{"line":11,"column":29},"end":{"line":11,"column":null}},"loc":{"start":{"line":11,"column":29},"end":{"line":16,"column":null}}}},"branchMap":{},"s":{"0":14,"1":2,"2":2,"3":2,"4":2,"5":2,"6":2,"7":2,"8":2,"9":14,"10":14,"11":13},"f":{"0":2,"1":2,"2":14},"b":{}}
}
