TN:
SF:src/index.ts
FN:26,(anonymous_4)
FN:35,startServer
FN:43,(anonymous_6)
FN:56,(anonymous_7)
FNF:4
FNH:2
FNDA:1,(anonymous_4)
FNDA:1,startServer
FNDA:0,(anonymous_6)
FNDA:0,(anonymous_7)
DA:1,4
DA:2,4
DA:3,4
DA:4,4
DA:10,4
DA:14,4
DA:15,4
DA:17,4
DA:20,4
DA:23,4
DA:24,4
DA:26,4
DA:27,1
DA:31,4
DA:35,1
DA:36,1
DA:38,1
DA:40,1
DA:41,1
DA:43,1
DA:44,0
DA:47,1
DA:51,22
DA:55,4
DA:56,0
DA:57,0
DA:58,0
LF:27
LH:23
BRDA:38,0,0,1
BRDA:38,0,1,1
BRDA:40,1,0,1
BRDA:40,1,1,0
BRDA:55,2,0,0
BRDA:55,2,1,4
BRF:6
BRH:4
end_of_record
TN:
SF:src/config/config.ts
FN:5,_default
FNF:1
FNH:1
FNDA:5,_default
DA:1,5
DA:5,5
DA:6,5
DA:7,5
DA:8,3
DA:9,1
DA:12,3
DA:13,3
LF:8
LH:8
BRDA:8,0,0,1
BRDA:8,0,1,2
BRDA:12,1,0,2
BRDA:12,1,1,1
BRF:4
BRH:4
end_of_record
TN:
SF:src/middleware/auth.ts
FN:6,(anonymous_4)
FN:23,(anonymous_5)
FNF:2
FNH:2
FNDA:11,(anonymous_4)
FNDA:3,(anonymous_5)
DA:1,5
DA:2,5
DA:6,5
DA:7,11
DA:8,11
DA:9,2
DA:12,9
DA:13,9
DA:15,8
DA:17,8
DA:19,1
DA:23,5
DA:24,3
DA:25,1
DA:28,2
DA:29,1
DA:32,1
DA:35,10
LF:18
LH:18
BRDA:8,0,0,2
BRDA:8,0,1,9
BRDA:24,1,0,1
BRDA:24,1,1,2
BRDA:28,2,0,1
BRDA:28,2,1,1
BRF:6
BRH:6
end_of_record
TN:
SF:src/middleware/error.ts
FN:5,_default
FNF:1
FNH:1
FNDA:4,_default
DA:2,5
DA:3,5
DA:5,7
DA:6,4
DA:8,4
DA:9,1
DA:12,3
DA:13,1
DA:16,2
DA:17,2
LF:10
LH:10
BRDA:8,0,0,1
BRDA:8,0,1,3
BRDA:12,1,0,1
BRDA:12,1,1,2
BRDA:12,2,0,3
BRDA:12,2,1,1
BRDA:16,3,0,1
BRDA:16,3,1,1
BRF:8
BRH:8
end_of_record
TN:
SF:src/models/bookings.ts
FNF:0
FNH:0
DA:1,4
DA:2,4
DA:12,4
DA:31,4
DA:33,4
DA:35,5
LF:6
LH:6
BRF:0
BRH:0
end_of_record
TN:
SF:src/models/users.ts
FN:47,(anonymous_2)
FNF:1
FNH:1
FNDA:20,(anonymous_2)
DA:1,4
DA:2,4
DA:3,4
DA:17,4
DA:47,4
DA:48,20
DA:49,20
DA:52,31
LF:8
LH:8
BRF:0
BRH:0
end_of_record
TN:
SF:src/routes/auth.ts
FN:13,(anonymous_2)
FN:23,(anonymous_3)
FN:49,(anonymous_4)
FN:72,(anonymous_5)
FN:82,(anonymous_6)
FNF:5
FNH:5
FNDA:2,(anonymous_2)
FNDA:6,(anonymous_3)
FNDA:6,(anonymous_4)
FNDA:6,(anonymous_5)
FNDA:6,(anonymous_6)
DA:1,4
DA:3,4
DA:5,4
DA:6,4
DA:7,4
DA:9,4
DA:13,4
DA:14,2
DA:16,2
DA:18,2
DA:23,4
DA:24,6
DA:25,6
DA:26,1
DA:29,5
DA:30,5
DA:31,1
DA:34,4
DA:35,4
DA:37,4
DA:44,4
DA:46,4
DA:49,4
DA:50,6
DA:51,6
DA:52,1
DA:55,5
DA:56,5
DA:57,1
DA:60,4
DA:61,4
DA:62,1
DA:65,3
DA:67,3
DA:70,4
DA:72,4
DA:73,6
DA:79,6
DA:82,4
DA:83,6
DA:88,6
LF:41
LH:41
BRDA:25,0,0,1
BRDA:25,0,1,5
BRDA:30,1,0,1
BRDA:30,1,1,4
BRDA:51,2,0,1
BRDA:51,2,1,5
BRDA:56,3,0,1
BRDA:56,3,1,4
BRDA:61,4,0,1
BRDA:61,4,1,3
BRF:10
BRH:10
end_of_record
TN:
SF:src/routes/bookings.ts
FN:19,(anonymous_2)
FN:43,(anonymous_3)
FNF:2
FNH:2
FNDA:5,(anonymous_2)
FNDA:5,(anonymous_3)
DA:1,4
DA:2,4
DA:4,4
DA:5,4
DA:7,4
DA:11,4
DA:19,4
DA:20,5
DA:21,5
DA:22,1
DA:25,4
DA:28,4
DA:29,4
DA:35,3
DA:37,1
DA:41,4
DA:43,4
DA:44,5
DA:49,5
LF:19
LH:19
BRDA:21,0,0,1
BRDA:21,0,1,4
BRF:2
BRH:2
end_of_record
TN:
SF:src/tests/test-utils/mongo-testSetup.ts
FN:3,(anonymous_5)
FN:7,(anonymous_6)
FN:11,(anonymous_7)
FNF:3
FNH:3
FNDA:2,(anonymous_5)
FNDA:2,(anonymous_6)
FNDA:18,(anonymous_7)
DA:1,2
DA:3,2
DA:4,2
DA:7,2
DA:8,2
DA:11,18
DA:12,18
DA:13,18
DA:14,36
LF:9
LH:9
BRF:0
BRH:0
end_of_record
TN:
SF:src/utils/utils.ts
FN:1,(anonymous_1)
FNF:1
FNH:1
FNDA:11,(anonymous_1)
DA:1,5
DA:2,11
DA:3,11
DA:4,11
DA:7,10
LF:5
LH:5
BRF:0
BRH:0
end_of_record
