TN:
SF:src/index.ts
FN:24,(anonymous_4)
FN:33,startServer
FN:41,(anonymous_6)
FN:54,(anonymous_7)
FNF:4
FNH:0
FNDA:0,(anonymous_4)
FNDA:0,startServer
FNDA:0,(anonymous_6)
FNDA:0,(anonymous_7)
DA:1,1
DA:2,1
DA:3,1
DA:4,1
DA:10,1
DA:14,1
DA:16,1
DA:19,1
DA:22,1
DA:24,1
DA:25,0
DA:29,1
DA:33,0
DA:34,0
DA:36,0
DA:38,0
DA:39,0
DA:41,0
DA:42,0
DA:45,0
DA:49,15
DA:53,1
DA:54,0
DA:55,0
DA:56,0
LF:25
LH:13
BRDA:36,0,0,0
BRDA:36,0,1,0
BRDA:53,1,0,0
BRDA:53,1,1,1
BRF:4
BRH:1
end_of_record
TN:
SF:src/config/config.ts
FN:5,_default
FNF:1
FNH:1
FNDA:4,_default
DA:1,2
DA:5,4
DA:6,4
DA:7,4
DA:8,2
DA:9,1
DA:12,3
DA:13,3
LF:8
LH:8
BRDA:8,0,0,1
BRDA:8,0,1,1
BRDA:12,1,0,2
BRDA:12,1,1,1
BRF:4
BRH:4
end_of_record
TN:
SF:src/middleware/auth.ts
FN:6,auth
FNF:1
FNH:1
FNDA:3,auth
DA:1,1
DA:2,1
DA:6,1
DA:7,3
DA:8,3
DA:9,1
DA:12,2
DA:13,2
DA:15,2
DA:17,2
DA:19,0
LF:11
LH:10
BRDA:8,0,0,1
BRDA:8,0,1,2
BRF:2
BRH:2
end_of_record
TN:
SF:src/middleware/error.ts
FN:3,_default
FNF:1
FNH:1
FNDA:1,_default
DA:3,2
DA:5,1
DA:8,1
LF:3
LH:3
BRF:0
BRH:0
end_of_record
TN:
SF:src/models/users.ts
FN:47,(anonymous_2)
FNF:1
FNH:1
FNDA:15,(anonymous_2)
DA:1,1
DA:2,1
DA:3,1
DA:17,1
DA:47,1
DA:48,15
DA:49,15
DA:52,26
LF:8
LH:8
BRF:0
BRH:0
end_of_record
TN:
SF:src/routes/auth.ts
FN:13,(anonymous_2)
FN:23,(anonymous_3)
FN:49,(anonymous_4)
FN:72,(anonymous_5)
FN:82,(anonymous_6)
FNF:5
FNH:5
FNDA:2,(anonymous_2)
FNDA:6,(anonymous_3)
FNDA:6,(anonymous_4)
FNDA:6,(anonymous_5)
FNDA:6,(anonymous_6)
DA:1,1
DA:3,1
DA:5,1
DA:6,1
DA:7,1
DA:9,1
DA:13,1
DA:14,2
DA:16,2
DA:18,2
DA:23,1
DA:24,6
DA:25,6
DA:26,1
DA:29,5
DA:30,5
DA:31,1
DA:34,4
DA:35,4
DA:37,4
DA:44,4
DA:46,4
DA:49,1
DA:50,6
DA:51,6
DA:52,1
DA:55,5
DA:56,5
DA:57,1
DA:60,4
DA:61,4
DA:62,1
DA:65,3
DA:67,3
DA:70,1
DA:72,1
DA:73,6
DA:79,6
DA:82,1
DA:83,6
DA:88,6
LF:41
LH:41
BRDA:25,0,0,1
BRDA:25,0,1,5
BRDA:30,1,0,1
BRDA:30,1,1,4
BRDA:51,2,0,1
BRDA:51,2,1,5
BRDA:56,3,0,1
BRDA:56,3,1,4
BRDA:61,4,0,1
BRDA:61,4,1,3
BRF:10
BRH:10
end_of_record
TN:
SF:src/tests/test-utils/mongo-testSetup.ts
FN:3,(anonymous_5)
FN:7,(anonymous_6)
FN:11,(anonymous_7)
FNF:3
FNH:3
FNDA:2,(anonymous_5)
FNDA:2,(anonymous_6)
FNDA:14,(anonymous_7)
DA:1,2
DA:3,2
DA:4,2
DA:7,2
DA:8,2
DA:11,14
DA:12,14
DA:13,14
DA:14,13
LF:9
LH:9
BRF:0
BRH:0
end_of_record
